<?xml version="1.0" encoding="UTF-8"?>
<!-- Generated by org.testng.reporters.JUnitXMLReporter -->
<testsuite hostname="DESKTOP-78P0D72" ignored="0" name="CantrumApp Test" tests="6" failures="0" timestamp="17 Oct 2019 11:42:43 GMT" time="273.869" errors="0">
  <testcase name="loginTest" time="5.78" classname="com.CentrumFinvisage.testCases.Logintest"/>
  <testcase name="createAnchor" time="41.889" classname="com.CentrumFinvisage.testCases.Anchor"/>
  <testcase name="editProgram" time="56.293" classname="com.CentrumFinvisage.testCases.Program"/>
  <testcase name="editFacility" time="21.436" classname="com.CentrumFinvisage.testCases.Facility"/>
  <testcase name="editLender" time="24.674" classname="com.CentrumFinvisage.testCases.Lender"/>
  <testcase name="editExternalParty" time="84.679" classname="com.CentrumFinvisage.testCases.ExternalParties"/>
</testsuite> <!-- CantrumApp Test -->
